  WC.cpp
C:\Users\85291\Desktop\WC.cpp(22,1): warning C4996: 'scanf': This function or variable may be unsafe. Consider using scanf_s instead. To disable deprecation, use _CRT_SECURE_NO_WARNINGS. See online help for details.
C:\Program Files (x86)\Windows Kits\10\Include\10.0.18362.0\ucrt\stdio.h(1274): message : 参见“scanf”的声明
C:\Users\85291\Desktop\WC.cpp(24,1): warning C4996: 'scanf': This function or variable may be unsafe. Consider using scanf_s instead. To disable deprecation, use _CRT_SECURE_NO_WARNINGS. See online help for details.
C:\Program Files (x86)\Windows Kits\10\Include\10.0.18362.0\ucrt\stdio.h(1274): message : 参见“scanf”的声明
C:\Users\85291\Desktop\WC.cpp(55,1): warning C4996: 'scanf': This function or variable may be unsafe. Consider using scanf_s instead. To disable deprecation, use _CRT_SECURE_NO_WARNINGS. See online help for details.
C:\Program Files (x86)\Windows Kits\10\Include\10.0.18362.0\ucrt\stdio.h(1274): message : 参见“scanf”的声明
C:\Users\85291\Desktop\WC.cpp(65,35): warning C4474: printf: 格式字符串中传递的参数太多
C:\Users\85291\Desktop\WC.cpp(65,35): message : 占位符和其参数预计 0 可变参数，但提供的却是 1 参数
C:\Users\85291\Desktop\WC.cpp(63,1): warning C4996: 'fopen': This function or variable may be unsafe. Consider using fopen_s instead. To disable deprecation, use _CRT_SECURE_NO_WARNINGS. See online help for details.
C:\Program Files (x86)\Windows Kits\10\Include\10.0.18362.0\ucrt\stdio.h(208): message : 参见“fopen”的声明
C:\Users\85291\Desktop\WC.cpp(86,35): warning C4474: printf: 格式字符串中传递的参数太多
C:\Users\85291\Desktop\WC.cpp(86,35): message : 占位符和其参数预计 0 可变参数，但提供的却是 1 参数
C:\Users\85291\Desktop\WC.cpp(84,1): warning C4996: 'fopen': This function or variable may be unsafe. Consider using fopen_s instead. To disable deprecation, use _CRT_SECURE_NO_WARNINGS. See online help for details.
C:\Program Files (x86)\Windows Kits\10\Include\10.0.18362.0\ucrt\stdio.h(208): message : 参见“fopen”的声明
C:\Users\85291\Desktop\WC.cpp(117,35): warning C4474: printf: 格式字符串中传递的参数太多
C:\Users\85291\Desktop\WC.cpp(117,35): message : 占位符和其参数预计 0 可变参数，但提供的却是 1 参数
C:\Users\85291\Desktop\WC.cpp(115,1): warning C4996: 'fopen': This function or variable may be unsafe. Consider using fopen_s instead. To disable deprecation, use _CRT_SECURE_NO_WARNINGS. See online help for details.
C:\Program Files (x86)\Windows Kits\10\Include\10.0.18362.0\ucrt\stdio.h(208): message : 参见“fopen”的声明
C:\Users\85291\Desktop\WC.cpp(138,1): warning C4996: 'fopen': This function or variable may be unsafe. Consider using fopen_s instead. To disable deprecation, use _CRT_SECURE_NO_WARNINGS. See online help for details.
C:\Program Files (x86)\Windows Kits\10\Include\10.0.18362.0\ucrt\stdio.h(208): message : 参见“fopen”的声明
  WC.vcxproj -> C:\Users\85291\source\repos\WC\Debug\WC.exe
